<?xml version="1.0" encoding="UTF-8"?>
<!-- Generated by org.testng.reporters.JUnitReportReporter -->
<testsuite hostname="DESKTOP-2O1IECR" failures="0" tests="2" name="vtiger.Practice.BaseClassPracticeTest" time="0.006" errors="0" timestamp="2023-03-28T11:13:58 IST" skipped="0">
  <testcase classname="vtiger.Practice.BaseClassPracticeTest" name="test2" time="0.002"/>
  <system-out/>
  <testcase classname="vtiger.Practice.BaseClassPracticeTest" name="test" time="0.004"/>
  <system-out/>
</testsuite> <!-- vtiger.Practice.BaseClassPracticeTest -->
