<?xml version="1.0" encoding="UTF-8"?>
<!-- Generated by org.testng.reporters.JUnitReportReporter -->
<testsuite hostname="DESKTOP-2O1IECR" failures="0" tests="5" name="vtiger.Practice.DataProviderPracticeTest" time="0.011" errors="0" timestamp="2023-03-27T10:46:07 IST" skipped="0">
  <testcase classname="vtiger.Practice.DataProviderPracticeTest" name="addToCart" time="0.001"/>
  <system-out/>
  <testcase classname="vtiger.Practice.DataProviderPracticeTest" name="addToWishlist" time="0.001"/>
  <system-out/>
  <testcase classname="vtiger.Practice.DataProviderPracticeTest" name="addToCart" time="0.006"/>
  <system-out/>
  <testcase classname="vtiger.Practice.DataProviderPracticeTest" name="addToWishlist" time="0.002"/>
  <system-out/>
  <testcase classname="vtiger.Practice.DataProviderPracticeTest" name="addToWishlist" time="0.001"/>
  <system-out/>
</testsuite> <!-- vtiger.Practice.DataProviderPracticeTest -->
