<?xml version="1.0" encoding="UTF-8"?>
<!-- Generated by org.testng.reporters.JUnitReportReporter -->
<testsuite hostname="DESKTOP-2O1IECR" failures="0" tests="3" name="vtiger.Practice.TestNGPracticeTest" time="0.008" errors="0" timestamp="2023-04-05T13:18:31 IST" skipped="0">
  <testcase classname="vtiger.Practice.TestNGPracticeTest" name="modifyUserTest" time="0.001"/>
  <system-out/>
  <testcase classname="vtiger.Practice.TestNGPracticeTest" name="deleteUserTest" time="0.001"/>
  <system-out/>
  <testcase classname="vtiger.Practice.TestNGPracticeTest" name="createUserTest" time="0.006"/>
  <system-out/>
</testsuite> <!-- vtiger.Practice.TestNGPracticeTest -->
