<?xml version="1.0" encoding="UTF-8"?>
<!-- Generated by org.testng.reporters.JUnitReportReporter -->
<testsuite hostname="DESKTOP-2O1IECR" failures="0" tests="1" name="vtiger.Organization.tests.CreateOrganizationtest" time="5.735" errors="0" timestamp="2023-04-10T10:36:39 IST" skipped="0">
  <testcase classname="vtiger.Organization.tests.CreateOrganizationtest" name="Demo" time="5.735"/>
  <system-out/>
</testsuite> <!-- vtiger.Organization.tests.CreateOrganizationtest -->
