<?xml version="1.0" encoding="UTF-8"?>
<!-- Generated by org.testng.reporters.JUnitReportReporter -->
<testsuite hostname="DESKTOP-2O1IECR" failures="0" tests="1" name="vtiger.Contact.tests.CreateAContactTest" time="13.764" errors="0" timestamp="2023-04-05T11:34:32 IST" skipped="0">
  <testcase classname="vtiger.Contact.tests.CreateAContactTest" name="CreateContactTest" time="13.764"/>
  <system-out>
    <![CDATA[Clicked on contacts link
clicked on contacklookupimg
created new contact]]>
  </system-out>
</testsuite> <!-- vtiger.Contact.tests.CreateAContactTest -->
