<?xml version="1.0" encoding="UTF-8"?>
<!-- Generated by org.testng.reporters.JUnitReportReporter -->
<testsuite hostname="DESKTOP-2O1IECR" failures="0" tests="1" name="vtiger.Organization.tests.CreateAnOrganizationWithIndustryTest" time="13.324" errors="0" timestamp="2023-04-05T11:45:03 IST" skipped="0">
  <testcase classname="vtiger.Organization.tests.CreateAnOrganizationWithIndustryTest" name="CreateAnOrgWithIndustryTest" time="13.324"/>
  <system-out/>
</testsuite> <!-- vtiger.Organization.tests.CreateAnOrganizationWithIndustryTest -->
