<?xml version="1.0" encoding="UTF-8"?>
<!-- Generated by org.testng.reporters.JUnitReportReporter -->
<testsuite hostname="DESKTOP-2O1IECR" failures="0" tests="1" name="vtiger.Contact.tests.CreateContactWithOrgTest" time="28.440" errors="0" timestamp="2023-04-03T11:19:54 IST" skipped="0">
  <testcase classname="vtiger.Contact.tests.CreateContactWithOrgTest" name="CreatecontactWithOrgTest" time="28.440"/>
  <system-out/>
</testsuite> <!-- vtiger.Contact.tests.CreateContactWithOrgTest -->
